INFO:     Started server process [16885]
INFO:     Waiting for application startup.
INFO:     Application startup complete.
INFO:     Uvicorn running on http://0.0.0.0:8001 (Press CTRL+C to quit)
2025-11-26 13:30:27,960 INFO sqlalchemy.engine.Engine select pg_catalog.version()
2025-11-26 13:30:27,960 INFO sqlalchemy.engine.Engine [raw sql] ()
2025-11-26 13:30:27,964 INFO sqlalchemy.engine.Engine select current_schema()
2025-11-26 13:30:27,964 INFO sqlalchemy.engine.Engine [raw sql] ()
2025-11-26 13:30:27,966 INFO sqlalchemy.engine.Engine show standard_conforming_strings
2025-11-26 13:30:27,966 INFO sqlalchemy.engine.Engine [raw sql] ()
2025-11-26 13:30:27,968 INFO sqlalchemy.engine.Engine BEGIN (implicit)
2025-11-26 13:30:27,970 INFO sqlalchemy.engine.Engine SELECT users.id, users.username, users.email, users.password_hash, users.nickname, users.avatar_url, users.bio, users.is_public, users.created_at, users.updated_at 
FROM users 
WHERE users.username = $1::VARCHAR
2025-11-26 13:30:27,970 INFO sqlalchemy.engine.Engine [generated in 0.00007s] ('testuser_debug_3',)
2025-11-26 13:30:27,974 INFO sqlalchemy.engine.Engine SELECT users.id, users.username, users.email, users.password_hash, users.nickname, users.avatar_url, users.bio, users.is_public, users.created_at, users.updated_at 
FROM users 
WHERE users.email = $1::VARCHAR
2025-11-26 13:30:27,974 INFO sqlalchemy.engine.Engine [generated in 0.00007s] ('testdebug3@example.com',)
[DEBUG] Register - Plain password: Password123!
[DEBUG] Register - Hashed password (from hasher): $argon2id$v=19$m=65536,t=3,p=4$sXau1Xrv/d+7l9L6X+sdYw$d5ZV8mzvHfBs9F9SWNFnez0SMj4gb2VC4o4H5EQzJi0
[DEBUG] Register - New user object hashed_password: $argon2id$v=19$m=65536,t=3,p=4$sXau1Xrv/d+7l9L6X+sdYw$d5ZV8mzvHfBs9F9SWNFnez0SMj4gb2VC4o4H5EQzJi0
2025-11-26 13:30:28,024 INFO sqlalchemy.engine.Engine INSERT INTO users (id, username, email, password_hash, nickname, avatar_url, bio, is_public) VALUES ($1::UUID, $2::VARCHAR, $3::VARCHAR, $4::VARCHAR, $5::VARCHAR, $6::VARCHAR, $7::VARCHAR, $8::BOOLEAN) RETURNING users.created_at, users.updated_at
2025-11-26 13:30:28,024 INFO sqlalchemy.engine.Engine [generated in 0.00015s] (UUID('7684c46d-d98c-4a97-84fc-d95eeb580afc'), 'testuser_debug_3', 'testdebug3@example.com', '$argon2id$v=19$m=65536,t=3,p=4$sXau1Xrv/d+7l9L6X+sdYw$d5ZV8mzvHfBs9F9SWNFnez0SMj4gb2VC4o4H5EQzJi0', None, None, None, True)
2025-11-26 13:30:28,027 INFO sqlalchemy.engine.Engine COMMIT
INFO:     127.0.0.1:55860 - "POST /api/v1/users/register HTTP/1.1" 201 Created
[DEBUG] Login - Request email: testdebug3@example.com, password: Password123!
2025-11-26 13:30:28,041 INFO sqlalchemy.engine.Engine BEGIN (implicit)
2025-11-26 13:30:28,041 INFO sqlalchemy.engine.Engine SELECT users.id, users.username, users.email, users.password_hash, users.nickname, users.avatar_url, users.bio, users.is_public, users.created_at, users.updated_at 
FROM users 
WHERE users.email = $1::VARCHAR
2025-11-26 13:30:28,041 INFO sqlalchemy.engine.Engine [cached since 0.06755s ago] ('testdebug3@example.com',)
[DEBUG] Login - User found: testdebug3@example.com
[DEBUG] Login - Stored hashed password: $argon2id$v=19$m=65536,t=3,p=4$sXau1Xrv/d+7l9L6X+sdYw$d5ZV8mzvHfBs9F9SWNFnez0SMj4gb2VC4o4H5EQzJi0
[DEBUG] Login - Plain password for verification: Password123!
[DEBUG] Login - Password verification result: True
INFO:     127.0.0.1:55863 - "POST /api/v1/users/login HTTP/1.1" 200 OK
2025-11-26 13:30:28,107 INFO sqlalchemy.engine.Engine ROLLBACK
